  CBattleScene.cpp
C:\Users\admin\Desktop\윈도우 게임 프로젝트\DungeonGame (3)\DungeonGame\CBattleScene.cpp(227,67): warning C4267:  '인수': 'size_t'에서 'int'(으)로 변환하면서 데이터가 손실될 수 있습니다.
C:\Users\admin\Desktop\윈도우 게임 프로젝트\DungeonGame (3)\DungeonGame\CBattleScene.cpp(236,98): warning C4267:  '인수': 'size_t'에서 'int'(으)로 변환하면서 데이터가 손실될 수 있습니다.
C:\Users\admin\Desktop\윈도우 게임 프로젝트\DungeonGame (3)\DungeonGame\CBattleScene.cpp(226,1): warning C4996:  'sprintf': This function or variable may be unsafe. Consider using sprintf_s instead. To disable deprecation, use _CRT_SECURE_NO_WARNINGS. See online help for details.
C:\Program Files (x86)\Windows Kits\10\Include\10.0.18362.0\ucrt\stdio.h(1774): message :  'sprintf' 선언을 참조하십시오.
C:\Users\admin\Desktop\윈도우 게임 프로젝트\DungeonGame (3)\DungeonGame\CBattleScene.cpp(235,1): warning C4996:  'sprintf': This function or variable may be unsafe. Consider using sprintf_s instead. To disable deprecation, use _CRT_SECURE_NO_WARNINGS. See online help for details.
C:\Program Files (x86)\Windows Kits\10\Include\10.0.18362.0\ucrt\stdio.h(1774): message :  'sprintf' 선언을 참조하십시오.
C:\Users\admin\Desktop\윈도우 게임 프로젝트\DungeonGame (3)\DungeonGame\CBattleScene.cpp(249,78): warning C4267:  '인수': 'size_t'에서 'int'(으)로 변환하면서 데이터가 손실될 수 있습니다.
C:\Users\admin\Desktop\윈도우 게임 프로젝트\DungeonGame (3)\DungeonGame\CBattleScene.cpp(250,65): warning C4267:  '인수': 'size_t'에서 'int'(으)로 변환하면서 데이터가 손실될 수 있습니다.
C:\Users\admin\Desktop\윈도우 게임 프로젝트\DungeonGame (3)\DungeonGame\CBattleScene.cpp(253,118): warning C4267:  '인수': 'size_t'에서 'int'(으)로 변환하면서 데이터가 손실될 수 있습니다.
C:\Users\admin\Desktop\윈도우 게임 프로젝트\DungeonGame (3)\DungeonGame\CBattleScene.cpp(260,47): warning C4267:  '인수': 'size_t'에서 'int'(으)로 변환하면서 데이터가 손실될 수 있습니다.
C:\Users\admin\Desktop\윈도우 게임 프로젝트\DungeonGame (3)\DungeonGame\CBattleScene.cpp(266,47): warning C4267:  '인수': 'size_t'에서 'int'(으)로 변환하면서 데이터가 손실될 수 있습니다.
C:\Users\admin\Desktop\윈도우 게임 프로젝트\DungeonGame (3)\DungeonGame\CBattleScene.cpp(272,46): warning C4267:  '인수': 'size_t'에서 'int'(으)로 변환하면서 데이터가 손실될 수 있습니다.
C:\Users\admin\Desktop\윈도우 게임 프로젝트\DungeonGame (3)\DungeonGame\CBattleScene.cpp(277,95): warning C4267:  '인수': 'size_t'에서 'int'(으)로 변환하면서 데이터가 손실될 수 있습니다.
C:\Users\admin\Desktop\윈도우 게임 프로젝트\DungeonGame (3)\DungeonGame\CBattleScene.cpp(281,117): warning C4267:  '인수': 'size_t'에서 'int'(으)로 변환하면서 데이터가 손실될 수 있습니다.
C:\Users\admin\Desktop\윈도우 게임 프로젝트\DungeonGame (3)\DungeonGame\CBattleScene.cpp(259,1): warning C4996:  'sprintf': This function or variable may be unsafe. Consider using sprintf_s instead. To disable deprecation, use _CRT_SECURE_NO_WARNINGS. See online help for details.
C:\Program Files (x86)\Windows Kits\10\Include\10.0.18362.0\ucrt\stdio.h(1774): message :  'sprintf' 선언을 참조하십시오.
C:\Users\admin\Desktop\윈도우 게임 프로젝트\DungeonGame (3)\DungeonGame\CBattleScene.cpp(265,1): warning C4996:  'sprintf': This function or variable may be unsafe. Consider using sprintf_s instead. To disable deprecation, use _CRT_SECURE_NO_WARNINGS. See online help for details.
C:\Program Files (x86)\Windows Kits\10\Include\10.0.18362.0\ucrt\stdio.h(1774): message :  'sprintf' 선언을 참조하십시오.
C:\Users\admin\Desktop\윈도우 게임 프로젝트\DungeonGame (3)\DungeonGame\CBattleScene.cpp(271,1): warning C4996:  'sprintf': This function or variable may be unsafe. Consider using sprintf_s instead. To disable deprecation, use _CRT_SECURE_NO_WARNINGS. See online help for details.
  CGameWork.cpp
C:\Program Files (x86)\Windows Kits\10\Include\10.0.18362.0\ucrt\stdio.h(1774): message :  'sprintf' 선언을 참조하십시오.
C:\Users\admin\Desktop\윈도우 게임 프로젝트\DungeonGame (3)\DungeonGame\CGameWork.cpp(18,20): warning C4018:  '<': signed 또는 unsigned가 일치하지 않습니다.
C:\Users\admin\Desktop\윈도우 게임 프로젝트\DungeonGame (3)\DungeonGame\CGameWork.cpp(24,30): warning C4996:  'strcat': This function or variable may be unsafe. Consider using strcat_s instead. To disable deprecation, use _CRT_SECURE_NO_WARNINGS. See online help for details.
C:\Program Files (x86)\Windows Kits\10\Include\10.0.18362.0\ucrt\string.h(90): message :  'strcat' 선언을 참조하십시오.
C:\Users\admin\Desktop\윈도우 게임 프로젝트\DungeonGame (3)\DungeonGame\CGameWork.cpp(29,20): warning C4018:  '<': signed 또는 unsigned가 일치하지 않습니다.
C:\Users\admin\Desktop\윈도우 게임 프로젝트\DungeonGame (3)\DungeonGame\CGameWork.cpp(34,34): warning C4996:  'strcat': This function or variable may be unsafe. Consider using strcat_s instead. To disable deprecation, use _CRT_SECURE_NO_WARNINGS. See online help for details.
C:\Program Files (x86)\Windows Kits\10\Include\10.0.18362.0\ucrt\string.h(90): message :  'strcat' 선언을 참조하십시오.
C:\Users\admin\Desktop\윈도우 게임 프로젝트\DungeonGame (3)\DungeonGame\CGameWork.cpp(23,1): warning C4996:  'sprintf': This function or variable may be unsafe. Consider using sprintf_s instead. To disable deprecation, use _CRT_SECURE_NO_WARNINGS. See online help for details.
C:\Program Files (x86)\Windows Kits\10\Include\10.0.18362.0\ucrt\stdio.h(1774): message :  'sprintf' 선언을 참조하십시오.
C:\Users\admin\Desktop\윈도우 게임 프로젝트\DungeonGame (3)\DungeonGame\CGameWork.cpp(33,1): warning C4996:  'sprintf': This function or variable may be unsafe. Consider using sprintf_s instead. To disable deprecation, use _CRT_SECURE_NO_WARNINGS. See online help for details.
C:\Program Files (x86)\Windows Kits\10\Include\10.0.18362.0\ucrt\stdio.h(1774): message :  'sprintf' 선언을 참조하십시오.
C:\Users\admin\Desktop\윈도우 게임 프로젝트\DungeonGame (3)\DungeonGame\CGameWork.cpp(193,53): warning C4267:  '인수': 'size_t'에서 'int'(으)로 변환하면서 데이터가 손실될 수 있습니다.
C:\Users\admin\Desktop\윈도우 게임 프로젝트\DungeonGame (3)\DungeonGame\CGameWork.cpp(192,1): warning C4996:  'sprintf': This function or variable may be unsafe. Consider using sprintf_s instead. To disable deprecation, use _CRT_SECURE_NO_WARNINGS. See online help for details.
  CMap.cpp
C:\Program Files (x86)\Windows Kits\10\Include\10.0.18362.0\ucrt\stdio.h(1774): message :  'sprintf' 선언을 참조하십시오.
C:\Users\admin\Desktop\윈도우 게임 프로젝트\DungeonGame (3)\DungeonGame\CMap.cpp(171,80): warning C4805:  '==': 연산에 'BOOL' 형식과 'bool' 형식을 함께 사용하는 것은 안전하지 않습니다.
C:\Users\admin\Desktop\윈도우 게임 프로젝트\DungeonGame (3)\DungeonGame\CMap.cpp(188,81): warning C4805:  '==': 연산에 'BOOL' 형식과 'bool' 형식을 함께 사용하는 것은 안전하지 않습니다.
C:\Users\admin\Desktop\윈도우 게임 프로젝트\DungeonGame (3)\DungeonGame\CMap.cpp(208,81): warning C4805:  '==': 연산에 'BOOL' 형식과 'bool' 형식을 함께 사용하는 것은 안전하지 않습니다.
C:\Users\admin\Desktop\윈도우 게임 프로젝트\DungeonGame (3)\DungeonGame\CMap.cpp(258,1): warning C4996:  'fopen': This function or variable may be unsafe. Consider using fopen_s instead. To disable deprecation, use _CRT_SECURE_NO_WARNINGS. See online help for details.
C:\Program Files (x86)\Windows Kits\10\Include\10.0.18362.0\ucrt\stdio.h(208): message :  'fopen' 선언을 참조하십시오.
C:\Users\admin\Desktop\윈도우 게임 프로젝트\DungeonGame (3)\DungeonGame\CMap.cpp(269,1): warning C4996:  'fscanf': This function or variable may be unsafe. Consider using fscanf_s instead. To disable deprecation, use _CRT_SECURE_NO_WARNINGS. See online help for details.
C:\Program Files (x86)\Windows Kits\10\Include\10.0.18362.0\ucrt\stdio.h(1197): message :  'fscanf' 선언을 참조하십시오.
C:\Users\admin\Desktop\윈도우 게임 프로젝트\DungeonGame (3)\DungeonGame\CMap.cpp(270,1): warning C4996:  'fscanf': This function or variable may be unsafe. Consider using fscanf_s instead. To disable deprecation, use _CRT_SECURE_NO_WARNINGS. See online help for details.
C:\Program Files (x86)\Windows Kits\10\Include\10.0.18362.0\ucrt\stdio.h(1197): message :  'fscanf' 선언을 참조하십시오.
C:\Users\admin\Desktop\윈도우 게임 프로젝트\DungeonGame (3)\DungeonGame\CMap.cpp(271,1): warning C4996:  'fscanf': This function or variable may be unsafe. Consider using fscanf_s instead. To disable deprecation, use _CRT_SECURE_NO_WARNINGS. See online help for details.
C:\Program Files (x86)\Windows Kits\10\Include\10.0.18362.0\ucrt\stdio.h(1197): message :  'fscanf' 선언을 참조하십시오.
C:\Users\admin\Desktop\윈도우 게임 프로젝트\DungeonGame (3)\DungeonGame\CMap.cpp(272,1): warning C4996:  'fscanf': This function or variable may be unsafe. Consider using fscanf_s instead. To disable deprecation, use _CRT_SECURE_NO_WARNINGS. See online help for details.
C:\Program Files (x86)\Windows Kits\10\Include\10.0.18362.0\ucrt\stdio.h(1197): message :  'fscanf' 선언을 참조하십시오.
C:\Users\admin\Desktop\윈도우 게임 프로젝트\DungeonGame (3)\DungeonGame\CMap.cpp(278,1): warning C4996:  'fscanf': This function or variable may be unsafe. Consider using fscanf_s instead. To disable deprecation, use _CRT_SECURE_NO_WARNINGS. See online help for details.
  CMapTile.cpp
  CPlayer.cpp
  CScene.cpp
C:\Program Files (x86)\Windows Kits\10\Include\10.0.18362.0\ucrt\stdio.h(1197): message :  'fscanf' 선언을 참조하십시오.
C:\Users\admin\Desktop\윈도우 게임 프로젝트\DungeonGame (3)\DungeonGame\CScene.cpp(52,20): warning C4018:  '<': signed 또는 unsigned가 일치하지 않습니다.
C:\Users\admin\Desktop\윈도우 게임 프로젝트\DungeonGame (3)\DungeonGame\CScene.cpp(41,1): warning C4996:  'fopen': This function or variable may be unsafe. Consider using fopen_s instead. To disable deprecation, use _CRT_SECURE_NO_WARNINGS. See online help for details.
C:\Program Files (x86)\Windows Kits\10\Include\10.0.18362.0\ucrt\stdio.h(208): message :  'fopen' 선언을 참조하십시오.
C:\Users\admin\Desktop\윈도우 게임 프로젝트\DungeonGame (3)\DungeonGame\CScene.cpp(44,1): warning C4996:  'fscanf': This function or variable may be unsafe. Consider using fscanf_s instead. To disable deprecation, use _CRT_SECURE_NO_WARNINGS. See online help for details.
C:\Program Files (x86)\Windows Kits\10\Include\10.0.18362.0\ucrt\stdio.h(1197): message :  'fscanf' 선언을 참조하십시오.
C:\Users\admin\Desktop\윈도우 게임 프로젝트\DungeonGame (3)\DungeonGame\CScene.cpp(45,1): warning C4996:  'fscanf': This function or variable may be unsafe. Consider using fscanf_s instead. To disable deprecation, use _CRT_SECURE_NO_WARNINGS. See online help for details.
C:\Program Files (x86)\Windows Kits\10\Include\10.0.18362.0\ucrt\stdio.h(1197): message :  'fscanf' 선언을 참조하십시오.
C:\Users\admin\Desktop\윈도우 게임 프로젝트\DungeonGame (3)\DungeonGame\CScene.cpp(46,1): warning C4996:  'fscanf': This function or variable may be unsafe. Consider using fscanf_s instead. To disable deprecation, use _CRT_SECURE_NO_WARNINGS. See online help for details.
C:\Program Files (x86)\Windows Kits\10\Include\10.0.18362.0\ucrt\stdio.h(1197): message :  'fscanf' 선언을 참조하십시오.
C:\Users\admin\Desktop\윈도우 게임 프로젝트\DungeonGame (3)\DungeonGame\CScene.cpp(47,1): warning C4996:  'fscanf': This function or variable may be unsafe. Consider using fscanf_s instead. To disable deprecation, use _CRT_SECURE_NO_WARNINGS. See online help for details.
C:\Program Files (x86)\Windows Kits\10\Include\10.0.18362.0\ucrt\stdio.h(1197): message :  'fscanf' 선언을 참조하십시오.
C:\Users\admin\Desktop\윈도우 게임 프로젝트\DungeonGame (3)\DungeonGame\CScene.cpp(55,1): warning C4996:  'fscanf': This function or variable may be unsafe. Consider using fscanf_s instead. To disable deprecation, use _CRT_SECURE_NO_WARNINGS. See online help for details.
  CStageInfo.cpp
C:\Program Files (x86)\Windows Kits\10\Include\10.0.18362.0\ucrt\stdio.h(1197): message :  'fscanf' 선언을 참조하십시오.
C:\Users\admin\Desktop\윈도우 게임 프로젝트\DungeonGame (3)\DungeonGame\CStageInfo.cpp(41,1): warning C4996:  'fopen': This function or variable may be unsafe. Consider using fopen_s instead. To disable deprecation, use _CRT_SECURE_NO_WARNINGS. See online help for details.
C:\Program Files (x86)\Windows Kits\10\Include\10.0.18362.0\ucrt\stdio.h(208): message :  'fopen' 선언을 참조하십시오.
C:\Users\admin\Desktop\윈도우 게임 프로젝트\DungeonGame (3)\DungeonGame\CStageInfo.cpp(43,1): warning C4996:  'fscanf': This function or variable may be unsafe. Consider using fscanf_s instead. To disable deprecation, use _CRT_SECURE_NO_WARNINGS. See online help for details.
C:\Program Files (x86)\Windows Kits\10\Include\10.0.18362.0\ucrt\stdio.h(1197): message :  'fscanf' 선언을 참조하십시오.
C:\Users\admin\Desktop\윈도우 게임 프로젝트\DungeonGame (3)\DungeonGame\CStageInfo.cpp(44,1): warning C4996:  'fscanf': This function or variable may be unsafe. Consider using fscanf_s instead. To disable deprecation, use _CRT_SECURE_NO_WARNINGS. See online help for details.
  CStatusManger.cpp
  CUI.cpp
C:\Program Files (x86)\Windows Kits\10\Include\10.0.18362.0\ucrt\stdio.h(1197): message :  'fscanf' 선언을 참조하십시오.
C:\Users\admin\Desktop\윈도우 게임 프로젝트\DungeonGame (3)\DungeonGame\CUI.cpp(43,51): warning C4267:  '인수': 'size_t'에서 'int'(으)로 변환하면서 데이터가 손실될 수 있습니다.
C:\Users\admin\Desktop\윈도우 게임 프로젝트\DungeonGame (3)\DungeonGame\CUI.cpp(44,58): warning C4267:  '인수': 'size_t'에서 'int'(으)로 변환하면서 데이터가 손실될 수 있습니다.
C:\Users\admin\Desktop\윈도우 게임 프로젝트\DungeonGame (3)\DungeonGame\CUI.cpp(45,56): warning C4267:  '인수': 'size_t'에서 'int'(으)로 변환하면서 데이터가 손실될 수 있습니다.
C:\Users\admin\Desktop\윈도우 게임 프로젝트\DungeonGame (3)\DungeonGame\CUI.cpp(51,51): warning C4267:  '인수': 'size_t'에서 'int'(으)로 변환하면서 데이터가 손실될 수 있습니다.
C:\Users\admin\Desktop\윈도우 게임 프로젝트\DungeonGame (3)\DungeonGame\CUI.cpp(52,58): warning C4267:  '인수': 'size_t'에서 'int'(으)로 변환하면서 데이터가 손실될 수 있습니다.
  DungeonGame.cpp
  Enemy.cpp
  GameFrame.cpp
C:\Users\admin\Desktop\윈도우 게임 프로젝트\DungeonGame (3)\DungeonGame\CUI.cpp(53,56): warning C4267:  '인수': 'size_t'에서 'int'(으)로 변환하면서 데이터가 손실될 수 있습니다.
C:\Users\admin\Desktop\윈도우 게임 프로젝트\DungeonGame (3)\DungeonGame\GameFrame.cpp(49,7): warning C4101:  'rect' :참조되지 않은 지역 변수입니다.
  코드를 생성하고 있습니다.
  Previous IPDB not found, fall back to full compilation.
C:\Users\admin\Desktop\윈도우 게임 프로젝트\DungeonGame (3)\DungeonGame\CMap.cpp(253): warning C4715: 'CMap::GetSpawnPointTop': 모든 제어 경로에서 값을 반환하지는 않습니다.
C:\Users\admin\Desktop\윈도우 게임 프로젝트\DungeonGame (3)\DungeonGame\CMap.cpp(237): warning C4715: 'CMap::GetSpawnPointLeft': 모든 제어 경로에서 값을 반환하지는 않습니다.
  All 142 functions were compiled because no usable IPDB/IOBJ from previous compilation was found.
  코드를 생성했습니다.
  DungeonGame.vcxproj -> C:\Users\admin\Desktop\윈도우 게임 프로젝트\DungeonGame (3)\x64\Release\DungeonGame.exe
