c:\users\admin\desktop\윈도우 게임 프로젝트\dungeongame (3)\dungeongame\debug\vc142.pdb
c:\users\admin\desktop\윈도우 게임 프로젝트\dungeongame (3)\dungeongame\debug\vc142.idb
c:\users\admin\desktop\윈도우 게임 프로젝트\dungeongame (3)\dungeongame\debug\gameframe.obj
c:\users\admin\desktop\윈도우 게임 프로젝트\dungeongame (3)\dungeongame\debug\dungeongame.obj
c:\users\admin\desktop\윈도우 게임 프로젝트\dungeongame (3)\dungeongame\debug\cui.obj
c:\users\admin\desktop\윈도우 게임 프로젝트\dungeongame (3)\dungeongame\debug\cstatusmanger.obj
c:\users\admin\desktop\윈도우 게임 프로젝트\dungeongame (3)\dungeongame\debug\cstageinfo.obj
c:\users\admin\desktop\윈도우 게임 프로젝트\dungeongame (3)\dungeongame\debug\cplayer.obj
c:\users\admin\desktop\윈도우 게임 프로젝트\dungeongame (3)\dungeongame\debug\cmaptile.obj
c:\users\admin\desktop\윈도우 게임 프로젝트\dungeongame (3)\dungeongame\debug\cmap.obj
c:\users\admin\desktop\윈도우 게임 프로젝트\dungeongame (3)\dungeongame\debug\cgamework.obj
c:\users\admin\desktop\윈도우 게임 프로젝트\dungeongame (3)\dungeongame\debug\enemy.obj
c:\users\admin\desktop\윈도우 게임 프로젝트\dungeongame (3)\dungeongame\debug\cscene.obj
c:\users\admin\desktop\윈도우 게임 프로젝트\dungeongame (3)\dungeongame\debug\cbattlescene.obj
c:\users\admin\desktop\윈도우 게임 프로젝트\dungeongame (3)\debug\dungeongame.exe
c:\users\admin\desktop\윈도우 게임 프로젝트\dungeongame (3)\debug\dungeongame.ilk
c:\users\admin\desktop\윈도우 게임 프로젝트\dungeongame (3)\debug\dungeongame.pdb
c:\users\admin\desktop\윈도우 게임 프로젝트\dungeongame (3)\dungeongame\debug\dungeongame.res
c:\users\admin\desktop\윈도우 게임 프로젝트\dungeongame (3)\dungeongame\debug\cscene.obj.enc
c:\users\admin\desktop\윈도우 게임 프로젝트\dungeongame (3)\dungeongame\debug\dungeongame.tlog\cl.command.1.tlog
c:\users\admin\desktop\윈도우 게임 프로젝트\dungeongame (3)\dungeongame\debug\dungeongame.tlog\cl.read.1.tlog
c:\users\admin\desktop\윈도우 게임 프로젝트\dungeongame (3)\dungeongame\debug\dungeongame.tlog\cl.write.1.tlog
c:\users\admin\desktop\윈도우 게임 프로젝트\dungeongame (3)\dungeongame\debug\dungeongame.tlog\link.command.1.tlog
c:\users\admin\desktop\윈도우 게임 프로젝트\dungeongame (3)\dungeongame\debug\dungeongame.tlog\link.read.1.tlog
c:\users\admin\desktop\윈도우 게임 프로젝트\dungeongame (3)\dungeongame\debug\dungeongame.tlog\link.write.1.tlog
c:\users\admin\desktop\윈도우 게임 프로젝트\dungeongame (3)\dungeongame\debug\dungeongame.tlog\rc.command.1.tlog
c:\users\admin\desktop\윈도우 게임 프로젝트\dungeongame (3)\dungeongame\debug\dungeongame.tlog\rc.read.1.tlog
c:\users\admin\desktop\윈도우 게임 프로젝트\dungeongame (3)\dungeongame\debug\dungeongame.tlog\rc.write.1.tlog
