c:\users\admin\desktop\윈도우 게임 프로젝트\dungeongame (3)\dungeongame\release\vc142.pdb
c:\users\admin\desktop\윈도우 게임 프로젝트\dungeongame (3)\dungeongame\release\gameframe.obj
c:\users\admin\desktop\윈도우 게임 프로젝트\dungeongame (3)\dungeongame\release\enemy.obj
c:\users\admin\desktop\윈도우 게임 프로젝트\dungeongame (3)\dungeongame\release\dungeongame.obj
c:\users\admin\desktop\윈도우 게임 프로젝트\dungeongame (3)\dungeongame\release\cui.obj
c:\users\admin\desktop\윈도우 게임 프로젝트\dungeongame (3)\dungeongame\release\cstatusmanger.obj
c:\users\admin\desktop\윈도우 게임 프로젝트\dungeongame (3)\dungeongame\release\cstageinfo.obj
c:\users\admin\desktop\윈도우 게임 프로젝트\dungeongame (3)\dungeongame\release\cscene.obj
c:\users\admin\desktop\윈도우 게임 프로젝트\dungeongame (3)\dungeongame\release\cplayer.obj
c:\users\admin\desktop\윈도우 게임 프로젝트\dungeongame (3)\dungeongame\release\cmaptile.obj
c:\users\admin\desktop\윈도우 게임 프로젝트\dungeongame (3)\dungeongame\release\cmap.obj
c:\users\admin\desktop\윈도우 게임 프로젝트\dungeongame (3)\dungeongame\release\cgamework.obj
c:\users\admin\desktop\윈도우 게임 프로젝트\dungeongame (3)\dungeongame\release\cbattlescene.obj
c:\users\admin\desktop\윈도우 게임 프로젝트\dungeongame (3)\release\dungeongame.ipdb
c:\users\admin\desktop\윈도우 게임 프로젝트\dungeongame (3)\release\dungeongame.iobj
c:\users\admin\desktop\윈도우 게임 프로젝트\dungeongame (3)\release\dungeongame.exe
c:\users\admin\desktop\윈도우 게임 프로젝트\dungeongame (3)\release\dungeongame.pdb
c:\users\admin\desktop\윈도우 게임 프로젝트\dungeongame (3)\dungeongame\release\dungeongame.res
c:\users\admin\desktop\윈도우 게임 프로젝트\dungeongame (3)\dungeongame\release\dungeongame.tlog\cl.command.1.tlog
c:\users\admin\desktop\윈도우 게임 프로젝트\dungeongame (3)\dungeongame\release\dungeongame.tlog\cl.read.1.tlog
c:\users\admin\desktop\윈도우 게임 프로젝트\dungeongame (3)\dungeongame\release\dungeongame.tlog\cl.write.1.tlog
c:\users\admin\desktop\윈도우 게임 프로젝트\dungeongame (3)\dungeongame\release\dungeongame.tlog\dungeongame.write.1u.tlog
c:\users\admin\desktop\윈도우 게임 프로젝트\dungeongame (3)\dungeongame\release\dungeongame.tlog\link.command.1.tlog
c:\users\admin\desktop\윈도우 게임 프로젝트\dungeongame (3)\dungeongame\release\dungeongame.tlog\link.read.1.tlog
c:\users\admin\desktop\윈도우 게임 프로젝트\dungeongame (3)\dungeongame\release\dungeongame.tlog\link.write.1.tlog
c:\users\admin\desktop\윈도우 게임 프로젝트\dungeongame (3)\dungeongame\release\dungeongame.tlog\rc.command.1.tlog
c:\users\admin\desktop\윈도우 게임 프로젝트\dungeongame (3)\dungeongame\release\dungeongame.tlog\rc.read.1.tlog
c:\users\admin\desktop\윈도우 게임 프로젝트\dungeongame (3)\dungeongame\release\dungeongame.tlog\rc.write.1.tlog
